<?xml version="1.0" encoding="UTF-8"?>
<testng-results ignored="0" total="1" passed="1" failed="0" skipped="0">
  <reporter-output>
  </reporter-output>
  <suite started-at="2022-02-21T16:10:51 EET" name="Default suite" finished-at="2022-02-21T16:11:00 EET" duration-ms="8589">
    <groups>
    </groups>
    <test started-at="2022-02-21T16:10:51 EET" name="Default test" finished-at="2022-02-21T16:11:00 EET" duration-ms="8589">
      <class name="extentreports.ExtentReports.ExtentReportDemo">
        <test-method is-config="true" signature="config()[pri:0, instance:extentreports.ExtentReports.ExtentReportDemo@bae7dc0]" started-at="2022-02-21T16:10:51 EET" name="config" finished-at="2022-02-21T16:10:51 EET" duration-ms="184" status="PASS">
          <reporter-output>
          </reporter-output>
        </test-method> <!-- config -->
        <test-method signature="initialDemo()[pri:0, instance:extentreports.ExtentReports.ExtentReportDemo@bae7dc0]" started-at="2022-02-21T16:10:51 EET" name="initialDemo" finished-at="2022-02-21T16:11:00 EET" duration-ms="8371" status="PASS">
          <reporter-output>
          </reporter-output>
        </test-method> <!-- initialDemo -->
      </class> <!-- extentreports.ExtentReports.ExtentReportDemo -->
    </test> <!-- Default test -->
  </suite> <!-- Default suite -->
</testng-results>
