<?xml version="1.0" encoding="UTF-8"?>
<!-- Generated by org.testng.reporters.JUnitXMLReporter -->
<testsuite ignored="0" hostname="DESKTOP-KV58UVC" failures="0" tests="4" name="Test" time="25.423" errors="0" timestamp="2022-02-09T17:32:24 EET">
  <testcase classname="Academy.ValidateNavItem" name="basePageNavigation" time="0.082"/>
  <testcase classname="Academy.ValidateTitle" name="basePageNavigation" time="0.419"/>
  <testcase classname="Academy.HomePage" name="basePageNavigation" time="9.011"/>
  <testcase classname="Academy.HomePage" name="basePageNavigation" time="2.477"/>
</testsuite> <!-- Test -->
