<?xml version="1.0" encoding="UTF-8"?>
<!-- Generated by org.testng.reporters.JUnitXMLReporter -->
<testsuite ignored="0" hostname="DESKTOP-KV58UVC" failures="1" tests="1" name="Validatinf Title" time="13.581" errors="0" timestamp="2022-02-10T16:52:46 EET">
  <testcase classname="Academy.ValidateTitle" name="validateAppTitle" time="0.083">
    <failure type="java.lang.AssertionError" message="expected [FEATURED CO123URSES] but found [HOME
COURSES
VIDEOS
INTERVIEW GUIDE
PRACTICE
BLOG
ABOUT
CONTACT]">
      <![CDATA[java.lang.AssertionError: expected [FEATURED CO123URSES] but found [HOME
COURSES
VIDEOS
INTERVIEW GUIDE
PRACTICE
BLOG
ABOUT
CONTACT]
at Academy.ValidateTitle.validateAppTitle(ValidateTitle.java:61)
at java.base/java.util.ArrayList.forEach(ArrayList.java:1540)
at java.base/java.util.concurrent.FutureTask.run(FutureTask.java:264)
at java.base/java.util.concurrent.ThreadPoolExecutor.runWorker(ThreadPoolExecutor.java:1128)
at java.base/java.util.concurrent.ThreadPoolExecutor$Worker.run(ThreadPoolExecutor.java:628)
at java.base/java.lang.Thread.run(Thread.java:834)
... Removed 24 stack frames]]>
    </failure>
  </testcase> <!-- validateAppTitle -->
</testsuite> <!-- Validatinf Title -->
