<?xml version="1.0" encoding="UTF-8"?>
<testng-results ignored="0" total="1" passed="1" failed="0" skipped="0">
  <reporter-output>
  </reporter-output>
  <suite started-at="2022-02-11T16:08:03 EET" name="Default suite" finished-at="2022-02-11T16:08:19 EET" duration-ms="16003">
    <groups>
    </groups>
    <test started-at="2022-02-11T16:08:03 EET" name="Default test" finished-at="2022-02-11T16:08:19 EET" duration-ms="16003">
      <class name="RSATest">
        <test-method signature="HomePageCheck()[pri:0, instance:RSATest@13b13b5d]" started-at="2022-02-11T16:08:03 EET" name="HomePageCheck" finished-at="2022-02-11T16:08:19 EET" duration-ms="15965" status="PASS">
          <reporter-output>
          </reporter-output>
        </test-method> <!-- HomePageCheck -->
      </class> <!-- RSATest -->
    </test> <!-- Default test -->
  </suite> <!-- Default suite -->
</testng-results>
